<?xml version="1.0" encoding="UTF-8"?>
<!-- Generated by org.testng.reporters.JUnitXMLReporter -->
<testsuite ignored="0" hostname="sowmiii" failures="0" tests="3" name="Default test" time="0.444" errors="0" timestamp="2023-03-09T21:10:23 IST">
  <testcase classname="com.Features.DependTest" name="HigherSecoundry" time="0.102"/>
  <testcase classname="com.Features.DependTest" name="Secoundry" time="0.007"/>
  <testcase classname="com.Features.DependTest" name="College" time="0.016"/>
</testsuite> <!-- Default test -->
