<?xml version="1.0" encoding="UTF-8"?>
<!-- Generated by org.testng.reporters.JUnitXMLReporter -->
<testsuite ignored="4" hostname="sowmiii" failures="0" tests="2" name="Test" time="0.217" errors="0" timestamp="2023-03-07T22:20:40 IST">
  <testcase classname="com.Runner.TestNg_Runner" name="Spotify" time="0.031"/>
  <testcase classname="com.Runner.TestNg_Runner" name="wynkmusic" time="0.004"/>
  <testcase classname="com.Runner.TestNg_Runner" name="yourname" time="0.0">
    <ignored/>
  </testcase> <!-- yourname -->
  <testcase classname="com.Runner.TestNg_Runner" name="PSNovel" time="0.0">
    <ignored/>
  </testcase> <!-- PSNovel -->
  <testcase classname="com.Runner.TestNg_Runner" name="instagram" time="0.0">
    <ignored/>
  </testcase> <!-- instagram -->
  <testcase classname="com.Runner.TestNg_Runner" name="Facebook" time="0.0">
    <ignored/>
  </testcase> <!-- Facebook -->
</testsuite> <!-- Test -->
