<?xml version="1.0" encoding="UTF-8"?>
<testng-results ignored="0" total="3" passed="3" failed="0" skipped="0">
  <reporter-output>
  </reporter-output>
  <suite started-at="2023-03-09T21:10:22 IST" name="Default suite" finished-at="2023-03-09T21:10:23 IST" duration-ms="444">
    <groups>
    </groups>
    <test started-at="2023-03-09T21:10:22 IST" name="Default test" finished-at="2023-03-09T21:10:23 IST" duration-ms="444">
      <class name="com.Features.DependTest">
        <test-method signature="HigherSecoundry()[pri:0, instance:com.Features.DependTest@57af006c]" started-at="2023-03-09T21:10:23 IST" name="HigherSecoundry" finished-at="2023-03-09T21:10:23 IST" duration-ms="102" status="PASS">
          <reporter-output>
          </reporter-output>
        </test-method> <!-- HigherSecoundry -->
        <test-method signature="Secoundry()[pri:0, instance:com.Features.DependTest@57af006c]" started-at="2023-03-09T21:10:23 IST" name="Secoundry" finished-at="2023-03-09T21:10:23 IST" duration-ms="7" status="PASS">
          <reporter-output>
          </reporter-output>
        </test-method> <!-- Secoundry -->
        <test-method signature="College()[pri:0, instance:com.Features.DependTest@57af006c]" started-at="2023-03-09T21:10:23 IST" name="College" finished-at="2023-03-09T21:10:23 IST" depends-on-methods="com.Features.DependTest.Secoundry" duration-ms="16" status="PASS">
          <reporter-output>
          </reporter-output>
        </test-method> <!-- College -->
      </class> <!-- com.Features.DependTest -->
    </test> <!-- Default test -->
  </suite> <!-- Default suite -->
</testng-results>
